This file contains any messages produced by compilers while
running configure, to aid debugging if configure makes a mistake.

It was created by pygobject configure 3.22.0, which was
generated by GNU Autoconf 2.69.  Invocation command line was

  $ ./configure 

## --------- ##
## Platform. ##
## --------- ##

hostname = ubuntudev
uname -m = x86_64
uname -r = 4.4.0-97-generic
uname -s = Linux
uname -v = #120-Ubuntu SMP Tue Sep 19 17:28:18 UTC 2017

/usr/bin/uname -p = unknown
/bin/uname -X     = unknown

/bin/arch              = unknown
/usr/bin/arch -k       = unknown
/usr/convex/getsysinfo = unknown
/usr/bin/hostinfo      = unknown
/bin/machine           = unknown
/usr/bin/oslevel       = unknown
/bin/universe          = unknown

PATH: /home/ishkanan/.pyenv/versions/pytooth/bin
PATH: /home/ishkanan/.pyenv/shims
PATH: /home/ishkanan/.pyenv/shims
PATH: /home/ishkanan/.pyenv/bin
PATH: /usr/local/bin
PATH: /usr/local/sbin
PATH: /home/ishkanan/.pyenv/shims
PATH: /home/ishkanan/.pyenv/bin
PATH: /usr/sbin
PATH: /usr/bin
PATH: /sbin
PATH: /bin
PATH: /usr/games
PATH: /usr/local/games
PATH: /home/ishkanan/java/jre1.8.0_91/bin
PATH: /home/ishkanan/java/jre1.8.0_91/bin
PATH: /bin


## ----------- ##
## Core tests. ##
## ----------- ##

configure:2291: checking whether make supports nested variables
configure:2308: result: yes
configure:2366: checking for a BSD-compatible install
configure:2434: result: /usr/bin/install -c
configure:2445: checking whether build environment is sane
configure:2500: result: yes
configure:2651: checking for a thread-safe mkdir -p
configure:2690: result: /bin/mkdir -p
configure:2697: checking for gawk
configure:2713: found /usr/bin/gawk
configure:2724: result: gawk
configure:2735: checking whether make sets $(MAKE)
configure:2757: result: yes
configure:2897: checking build system type
configure:2911: result: x86_64-pc-linux-gnu
configure:2931: checking host system type
configure:2944: result: x86_64-pc-linux-gnu
configure:2964: checking for build time linking with Python (Darwin and Win32)
configure:2983: result: no
configure:3048: checking how to print strings
configure:3075: result: printf
configure:3108: checking for style of include used by make
configure:3136: result: GNU
configure:3207: checking for gcc
configure:3223: found /usr/bin/gcc
configure:3234: result: gcc
configure:3463: checking for C compiler version
configure:3472: gcc --version >&5
gcc (Ubuntu 5.4.0-6ubuntu1~16.04.5) 5.4.0 20160609
Copyright (C) 2015 Free Software Foundation, Inc.
This is free software; see the source for copying conditions.  There is NO
warranty; not even for MERCHANTABILITY or FITNESS FOR A PARTICULAR PURPOSE.

configure:3483: $? = 0
configure:3472: gcc -v >&5
Using built-in specs.
COLLECT_GCC=gcc
COLLECT_LTO_WRAPPER=/usr/lib/gcc/x86_64-linux-gnu/5/lto-wrapper
Target: x86_64-linux-gnu
Configured with: ../src/configure -v --with-pkgversion='Ubuntu 5.4.0-6ubuntu1~16.04.5' --with-bugurl=file:///usr/share/doc/gcc-5/README.Bugs --enable-languages=c,ada,c++,java,go,d,fortran,objc,obj-c++ --prefix=/usr --program-suffix=-5 --enable-shared --enable-linker-build-id --libexecdir=/usr/lib --without-included-gettext --enable-threads=posix --libdir=/usr/lib --enable-nls --with-sysroot=/ --enable-clocale=gnu --enable-libstdcxx-debug --enable-libstdcxx-time=yes --with-default-libstdcxx-abi=new --enable-gnu-unique-object --disable-vtable-verify --enable-libmpx --enable-plugin --with-system-zlib --disable-browser-plugin --enable-java-awt=gtk --enable-gtk-cairo --with-java-home=/usr/lib/jvm/java-1.5.0-gcj-5-amd64/jre --enable-java-home --with-jvm-root-dir=/usr/lib/jvm/java-1.5.0-gcj-5-amd64 --with-jvm-jar-dir=/usr/lib/jvm-exports/java-1.5.0-gcj-5-amd64 --with-arch-directory=amd64 --with-ecj-jar=/usr/share/java/eclipse-ecj.jar --enable-objc-gc --enable-multiarch --disable-werror --with-arch-32=i686 --with-abi=m64 --with-multilib-list=m32,m64,mx32 --enable-multilib --with-tune=generic --enable-checking=release --build=x86_64-linux-gnu --host=x86_64-linux-gnu --target=x86_64-linux-gnu
Thread model: posix
gcc version 5.4.0 20160609 (Ubuntu 5.4.0-6ubuntu1~16.04.5) 
configure:3483: $? = 0
configure:3472: gcc -V >&5
gcc: error: unrecognized command line option '-V'
gcc: fatal error: no input files
compilation terminated.
configure:3483: $? = 1
configure:3472: gcc -qversion >&5
gcc: error: unrecognized command line option '-qversion'
gcc: fatal error: no input files
compilation terminated.
configure:3483: $? = 1
configure:3503: checking whether the C compiler works
configure:3525: gcc    conftest.c  >&5
configure:3529: $? = 0
configure:3577: result: yes
configure:3580: checking for C compiler default output file name
configure:3582: result: a.out
configure:3588: checking for suffix of executables
configure:3595: gcc -o conftest    conftest.c  >&5
configure:3599: $? = 0
configure:3621: result: 
configure:3643: checking whether we are cross compiling
configure:3651: gcc -o conftest    conftest.c  >&5
configure:3655: $? = 0
configure:3662: ./conftest
configure:3666: $? = 0
configure:3681: result: no
configure:3686: checking for suffix of object files
configure:3708: gcc -c   conftest.c >&5
configure:3712: $? = 0
configure:3733: result: o
configure:3737: checking whether we are using the GNU C compiler
configure:3756: gcc -c   conftest.c >&5
configure:3756: $? = 0
configure:3765: result: yes
configure:3774: checking whether gcc accepts -g
configure:3794: gcc -c -g  conftest.c >&5
configure:3794: $? = 0
configure:3835: result: yes
configure:3852: checking for gcc option to accept ISO C89
configure:3915: gcc  -c -g -O2  conftest.c >&5
configure:3915: $? = 0
configure:3928: result: none needed
configure:3953: checking whether gcc understands -c and -o together
configure:3975: gcc -c conftest.c -o conftest2.o
configure:3978: $? = 0
configure:3975: gcc -c conftest.c -o conftest2.o
configure:3978: $? = 0
configure:3990: result: yes
configure:4009: checking dependency style of gcc
configure:4120: result: gcc3
configure:4135: checking for a sed that does not truncate output
configure:4199: result: /bin/sed
configure:4217: checking for grep that handles long lines and -e
configure:4275: result: /bin/grep
configure:4280: checking for egrep
configure:4342: result: /bin/grep -E
configure:4347: checking for fgrep
configure:4409: result: /bin/grep -F
configure:4444: checking for ld used by gcc
configure:4511: result: /usr/bin/ld
configure:4518: checking if the linker (/usr/bin/ld) is GNU ld
configure:4533: result: yes
configure:4545: checking for BSD- or MS-compatible name lister (nm)
configure:4599: result: /usr/bin/nm -B
configure:4729: checking the name lister (/usr/bin/nm -B) interface
configure:4736: gcc -c -g -O2  conftest.c >&5
configure:4739: /usr/bin/nm -B "conftest.o"
configure:4742: output
0000000000000000 B some_variable
configure:4749: result: BSD nm
configure:4752: checking whether ln -s works
configure:4756: result: yes
configure:4764: checking the maximum length of command line arguments
configure:4895: result: 1572864
configure:4943: checking how to convert x86_64-pc-linux-gnu file names to x86_64-pc-linux-gnu format
configure:4983: result: func_convert_file_noop
configure:4990: checking how to convert x86_64-pc-linux-gnu file names to toolchain format
configure:5010: result: func_convert_file_noop
configure:5017: checking for /usr/bin/ld option to reload object files
configure:5024: result: -r
configure:5098: checking for objdump
configure:5114: found /usr/bin/objdump
configure:5125: result: objdump
configure:5154: checking how to recognize dependent libraries
configure:5354: result: pass_all
configure:5439: checking for dlltool
configure:5469: result: no
configure:5496: checking how to associate runtime and link libraries
configure:5523: result: printf %s\n
configure:5584: checking for ar
configure:5600: found /usr/bin/ar
configure:5611: result: ar
configure:5648: checking for archiver @FILE support
configure:5665: gcc -c -g -O2  conftest.c >&5
configure:5665: $? = 0
configure:5668: ar cru libconftest.a @conftest.lst >&5
ar: `u' modifier ignored since `D' is the default (see `U')
configure:5671: $? = 0
configure:5676: ar cru libconftest.a @conftest.lst >&5
ar: `u' modifier ignored since `D' is the default (see `U')
ar: conftest.o: No such file or directory
configure:5679: $? = 1
configure:5691: result: @
configure:5749: checking for strip
configure:5765: found /usr/bin/strip
configure:5776: result: strip
configure:5848: checking for ranlib
configure:5864: found /usr/bin/ranlib
configure:5875: result: ranlib
configure:5977: checking command to parse /usr/bin/nm -B output from gcc object
configure:6130: gcc -c -g -O2  conftest.c >&5
configure:6133: $? = 0
configure:6137: /usr/bin/nm -B conftest.o \| sed -n -e 's/^.*[ ]\([ABCDGIRSTW][ABCDGIRSTW]*\)[ ][ ]*\([_A-Za-z][_A-Za-z0-9]*\)$/\1 \2 \2/p' | sed '/ __gnu_lto/d' \> conftest.nm
configure:6140: $? = 0
configure:6206: gcc -o conftest -g -O2   conftest.c conftstm.o >&5
configure:6209: $? = 0
configure:6247: result: ok
configure:6294: checking for sysroot
configure:6324: result: no
configure:6331: checking for a working dd
configure:6369: result: /bin/dd
configure:6373: checking how to truncate binary pipes
configure:6388: result: /bin/dd bs=4096 count=1
configure:6524: gcc -c -g -O2  conftest.c >&5
configure:6527: $? = 0
configure:6717: checking for mt
configure:6733: found /bin/mt
configure:6744: result: mt
configure:6767: checking if mt is a manifest tool
configure:6773: mt '-?'
configure:6781: result: no
configure:7458: checking how to run the C preprocessor
configure:7489: gcc -E  conftest.c
configure:7489: $? = 0
configure:7503: gcc -E  conftest.c
conftest.c:15:28: fatal error: ac_nonexistent.h: No such file or directory
compilation terminated.
configure:7503: $? = 1
configure: failed program was:
| /* confdefs.h */
| #define PACKAGE_NAME "pygobject"
| #define PACKAGE_TARNAME "pygobject"
| #define PACKAGE_VERSION "3.22.0"
| #define PACKAGE_STRING "pygobject 3.22.0"
| #define PACKAGE_BUGREPORT "http://bugzilla.gnome.org/enter_bug.cgi?product=pygobject"
| #define PACKAGE_URL "https://wiki.gnome.org/Projects/PyGObject/"
| #define PYGOBJECT_MAJOR_VERSION 3
| #define PYGOBJECT_MINOR_VERSION 22
| #define PYGOBJECT_MICRO_VERSION 0
| #define PACKAGE "pygobject"
| #define VERSION "3.22.0"
| #define OS_EXT "so"
| /* end confdefs.h.  */
| #include <ac_nonexistent.h>
configure:7528: result: gcc -E
configure:7548: gcc -E  conftest.c
configure:7548: $? = 0
configure:7562: gcc -E  conftest.c
conftest.c:15:28: fatal error: ac_nonexistent.h: No such file or directory
compilation terminated.
configure:7562: $? = 1
configure: failed program was:
| /* confdefs.h */
| #define PACKAGE_NAME "pygobject"
| #define PACKAGE_TARNAME "pygobject"
| #define PACKAGE_VERSION "3.22.0"
| #define PACKAGE_STRING "pygobject 3.22.0"
| #define PACKAGE_BUGREPORT "http://bugzilla.gnome.org/enter_bug.cgi?product=pygobject"
| #define PACKAGE_URL "https://wiki.gnome.org/Projects/PyGObject/"
| #define PYGOBJECT_MAJOR_VERSION 3
| #define PYGOBJECT_MINOR_VERSION 22
| #define PYGOBJECT_MICRO_VERSION 0
| #define PACKAGE "pygobject"
| #define VERSION "3.22.0"
| #define OS_EXT "so"
| /* end confdefs.h.  */
| #include <ac_nonexistent.h>
configure:7591: checking for ANSI C header files
configure:7611: gcc -c -g -O2  conftest.c >&5
configure:7611: $? = 0
configure:7684: gcc -o conftest -g -O2   conftest.c  >&5
configure:7684: $? = 0
configure:7684: ./conftest
configure:7684: $? = 0
configure:7695: result: yes
configure:7708: checking for sys/types.h
configure:7708: gcc -c -g -O2  conftest.c >&5
configure:7708: $? = 0
configure:7708: result: yes
configure:7708: checking for sys/stat.h
configure:7708: gcc -c -g -O2  conftest.c >&5
configure:7708: $? = 0
configure:7708: result: yes
configure:7708: checking for stdlib.h
configure:7708: gcc -c -g -O2  conftest.c >&5
configure:7708: $? = 0
configure:7708: result: yes
configure:7708: checking for string.h
configure:7708: gcc -c -g -O2  conftest.c >&5
configure:7708: $? = 0
configure:7708: result: yes
configure:7708: checking for memory.h
configure:7708: gcc -c -g -O2  conftest.c >&5
configure:7708: $? = 0
configure:7708: result: yes
configure:7708: checking for strings.h
configure:7708: gcc -c -g -O2  conftest.c >&5
configure:7708: $? = 0
configure:7708: result: yes
configure:7708: checking for inttypes.h
configure:7708: gcc -c -g -O2  conftest.c >&5
configure:7708: $? = 0
configure:7708: result: yes
configure:7708: checking for stdint.h
configure:7708: gcc -c -g -O2  conftest.c >&5
configure:7708: $? = 0
configure:7708: result: yes
configure:7708: checking for unistd.h
configure:7708: gcc -c -g -O2  conftest.c >&5
configure:7708: $? = 0
configure:7708: result: yes
configure:7722: checking for dlfcn.h
configure:7722: gcc -c -g -O2  conftest.c >&5
configure:7722: $? = 0
configure:7722: result: yes
configure:8274: checking for objdir
configure:8289: result: .libs
configure:8553: checking if gcc supports -fno-rtti -fno-exceptions
configure:8571: gcc -c -g -O2  -fno-rtti -fno-exceptions conftest.c >&5
cc1: warning: command line option '-fno-rtti' is valid for C++/ObjC++ but not for C
configure:8575: $? = 0
configure:8588: result: no
configure:8946: checking for gcc option to produce PIC
configure:8953: result: -fPIC -DPIC
configure:8961: checking if gcc PIC flag -fPIC -DPIC works
configure:8979: gcc -c -g -O2  -fPIC -DPIC -DPIC conftest.c >&5
configure:8983: $? = 0
configure:8996: result: yes
configure:9025: checking if gcc static flag -static works
configure:9053: result: yes
configure:9068: checking if gcc supports -c -o file.o
configure:9089: gcc -c -g -O2  -o out/conftest2.o conftest.c >&5
configure:9093: $? = 0
configure:9115: result: yes
configure:9123: checking if gcc supports -c -o file.o
configure:9170: result: yes
configure:9203: checking whether the gcc linker (/usr/bin/ld -m elf_x86_64) supports shared libraries
configure:10466: result: yes
configure:10503: checking whether -lc should be explicitly linked in
configure:10511: gcc -c -g -O2  conftest.c >&5
configure:10514: $? = 0
configure:10529: gcc -shared  -fPIC -DPIC conftest.o  -v -Wl,-soname -Wl,conftest -o conftest 2\>\&1 \| /bin/grep  -lc  \>/dev/null 2\>\&1
configure:10532: $? = 0
configure:10546: result: no
configure:10706: checking dynamic linker characteristics
configure:11287: gcc -o conftest -g -O2   -Wl,-rpath -Wl,/foo conftest.c  >&5
configure:11287: $? = 0
configure:11536: result: GNU/Linux ld.so
configure:11658: checking how to hardcode library paths into programs
configure:11683: result: immediate
configure:11785: checking for shl_load
configure:11785: gcc -o conftest -g -O2   conftest.c  >&5
/tmp/ishkanan/ccLt9wM1.o: In function `main':
/home/ishkanan/pytooth/repo/packages/src/pygobject-3.22.0/conftest.c:61: undefined reference to `shl_load'
collect2: error: ld returned 1 exit status
configure:11785: $? = 1
configure: failed program was:
| /* confdefs.h */
| #define PACKAGE_NAME "pygobject"
| #define PACKAGE_TARNAME "pygobject"
| #define PACKAGE_VERSION "3.22.0"
| #define PACKAGE_STRING "pygobject 3.22.0"
| #define PACKAGE_BUGREPORT "http://bugzilla.gnome.org/enter_bug.cgi?product=pygobject"
| #define PACKAGE_URL "https://wiki.gnome.org/Projects/PyGObject/"
| #define PYGOBJECT_MAJOR_VERSION 3
| #define PYGOBJECT_MINOR_VERSION 22
| #define PYGOBJECT_MICRO_VERSION 0
| #define PACKAGE "pygobject"
| #define VERSION "3.22.0"
| #define OS_EXT "so"
| #define STDC_HEADERS 1
| #define HAVE_SYS_TYPES_H 1
| #define HAVE_SYS_STAT_H 1
| #define HAVE_STDLIB_H 1
| #define HAVE_STRING_H 1
| #define HAVE_MEMORY_H 1
| #define HAVE_STRINGS_H 1
| #define HAVE_INTTYPES_H 1
| #define HAVE_STDINT_H 1
| #define HAVE_UNISTD_H 1
| #define HAVE_DLFCN_H 1
| #define LT_OBJDIR ".libs/"
| /* end confdefs.h.  */
| /* Define shl_load to an innocuous variant, in case <limits.h> declares shl_load.
|    For example, HP-UX 11i <limits.h> declares gettimeofday.  */
| #define shl_load innocuous_shl_load
| 
| /* System header to define __stub macros and hopefully few prototypes,
|     which can conflict with char shl_load (); below.
|     Prefer <limits.h> to <assert.h> if __STDC__ is defined, since
|     <limits.h> exists even on freestanding compilers.  */
| 
| #ifdef __STDC__
| # include <limits.h>
| #else
| # include <assert.h>
| #endif
| 
| #undef shl_load
| 
| /* Override any GCC internal prototype to avoid an error.
|    Use char because int might match the return type of a GCC
|    builtin and then its argument prototype would still apply.  */
| #ifdef __cplusplus
| extern "C"
| #endif
| char shl_load ();
| /* The GNU C library defines this for functions which it implements
|     to always fail with ENOSYS.  Some functions are actually named
|     something starting with __ and the normal name is an alias.  */
| #if defined __stub_shl_load || defined __stub___shl_load
| choke me
| #endif
| 
| int
| main ()
| {
| return shl_load ();
|   ;
|   return 0;
| }
configure:11785: result: no
configure:11789: checking for shl_load in -ldld
configure:11814: gcc -o conftest -g -O2   conftest.c -ldld   >&5
/usr/bin/ld: cannot find -ldld
collect2: error: ld returned 1 exit status
configure:11814: $? = 1
configure: failed program was:
| /* confdefs.h */
| #define PACKAGE_NAME "pygobject"
| #define PACKAGE_TARNAME "pygobject"
| #define PACKAGE_VERSION "3.22.0"
| #define PACKAGE_STRING "pygobject 3.22.0"
| #define PACKAGE_BUGREPORT "http://bugzilla.gnome.org/enter_bug.cgi?product=pygobject"
| #define PACKAGE_URL "https://wiki.gnome.org/Projects/PyGObject/"
| #define PYGOBJECT_MAJOR_VERSION 3
| #define PYGOBJECT_MINOR_VERSION 22
| #define PYGOBJECT_MICRO_VERSION 0
| #define PACKAGE "pygobject"
| #define VERSION "3.22.0"
| #define OS_EXT "so"
| #define STDC_HEADERS 1
| #define HAVE_SYS_TYPES_H 1
| #define HAVE_SYS_STAT_H 1
| #define HAVE_STDLIB_H 1
| #define HAVE_STRING_H 1
| #define HAVE_MEMORY_H 1
| #define HAVE_STRINGS_H 1
| #define HAVE_INTTYPES_H 1
| #define HAVE_STDINT_H 1
| #define HAVE_UNISTD_H 1
| #define HAVE_DLFCN_H 1
| #define LT_OBJDIR ".libs/"
| /* end confdefs.h.  */
| 
| /* Override any GCC internal prototype to avoid an error.
|    Use char because int might match the return type of a GCC
|    builtin and then its argument prototype would still apply.  */
| #ifdef __cplusplus
| extern "C"
| #endif
| char shl_load ();
| int
| main ()
| {
| return shl_load ();
|   ;
|   return 0;
| }
configure:11823: result: no
configure:11828: checking for dlopen
configure:11828: gcc -o conftest -g -O2   conftest.c  >&5
/tmp/ishkanan/ccAtUAka.o: In function `main':
/home/ishkanan/pytooth/repo/packages/src/pygobject-3.22.0/conftest.c:61: undefined reference to `dlopen'
collect2: error: ld returned 1 exit status
configure:11828: $? = 1
configure: failed program was:
| /* confdefs.h */
| #define PACKAGE_NAME "pygobject"
| #define PACKAGE_TARNAME "pygobject"
| #define PACKAGE_VERSION "3.22.0"
| #define PACKAGE_STRING "pygobject 3.22.0"
| #define PACKAGE_BUGREPORT "http://bugzilla.gnome.org/enter_bug.cgi?product=pygobject"
| #define PACKAGE_URL "https://wiki.gnome.org/Projects/PyGObject/"
| #define PYGOBJECT_MAJOR_VERSION 3
| #define PYGOBJECT_MINOR_VERSION 22
| #define PYGOBJECT_MICRO_VERSION 0
| #define PACKAGE "pygobject"
| #define VERSION "3.22.0"
| #define OS_EXT "so"
| #define STDC_HEADERS 1
| #define HAVE_SYS_TYPES_H 1
| #define HAVE_SYS_STAT_H 1
| #define HAVE_STDLIB_H 1
| #define HAVE_STRING_H 1
| #define HAVE_MEMORY_H 1
| #define HAVE_STRINGS_H 1
| #define HAVE_INTTYPES_H 1
| #define HAVE_STDINT_H 1
| #define HAVE_UNISTD_H 1
| #define HAVE_DLFCN_H 1
| #define LT_OBJDIR ".libs/"
| /* end confdefs.h.  */
| /* Define dlopen to an innocuous variant, in case <limits.h> declares dlopen.
|    For example, HP-UX 11i <limits.h> declares gettimeofday.  */
| #define dlopen innocuous_dlopen
| 
| /* System header to define __stub macros and hopefully few prototypes,
|     which can conflict with char dlopen (); below.
|     Prefer <limits.h> to <assert.h> if __STDC__ is defined, since
|     <limits.h> exists even on freestanding compilers.  */
| 
| #ifdef __STDC__
| # include <limits.h>
| #else
| # include <assert.h>
| #endif
| 
| #undef dlopen
| 
| /* Override any GCC internal prototype to avoid an error.
|    Use char because int might match the return type of a GCC
|    builtin and then its argument prototype would still apply.  */
| #ifdef __cplusplus
| extern "C"
| #endif
| char dlopen ();
| /* The GNU C library defines this for functions which it implements
|     to always fail with ENOSYS.  Some functions are actually named
|     something starting with __ and the normal name is an alias.  */
| #if defined __stub_dlopen || defined __stub___dlopen
| choke me
| #endif
| 
| int
| main ()
| {
| return dlopen ();
|   ;
|   return 0;
| }
configure:11828: result: no
configure:11832: checking for dlopen in -ldl
configure:11857: gcc -o conftest -g -O2   conftest.c -ldl   >&5
configure:11857: $? = 0
configure:11866: result: yes
configure:11985: checking whether a program can dlopen itself
configure:12065: gcc -o conftest -g -O2  -DHAVE_DLFCN_H  -Wl,--export-dynamic conftest.c -ldl  >&5
configure:12068: $? = 0
configure:12086: result: yes
configure:12091: checking whether a statically linked program can dlopen itself
configure:12171: gcc -o conftest -g -O2  -DHAVE_DLFCN_H  -Wl,--export-dynamic -static conftest.c -ldl  >&5
/tmp/ishkanan/ccOY236i.o: In function `main':
/home/ishkanan/pytooth/repo/packages/src/pygobject-3.22.0/configure:12150: warning: Using 'dlopen' in statically linked applications requires at runtime the shared libraries from the glibc version used for linking
/usr/bin/ld: dynamic STT_GNU_IFUNC symbol `strcmp' with pointer equality in `/usr/lib/gcc/x86_64-linux-gnu/5/../../../x86_64-linux-gnu/libc.a(strcmp.o)' can not be used when making an executable; recompile with -fPIE and relink with -pie
collect2: error: ld returned 1 exit status
configure:12174: $? = 1
configure:12192: result: no
configure:12231: checking whether stripping libraries is possible
configure:12236: result: yes
configure:12271: checking if libtool supports shared libraries
configure:12273: result: yes
configure:12276: checking whether to build shared libraries
configure:12301: result: yes
configure:12304: checking whether to build static libraries
configure:12308: result: no
configure:12346: checking for library containing strerror
configure:12377: gcc -o conftest -g -O2   conftest.c  >&5
configure:12377: $? = 0
configure:12394: result: none required
configure:12450: checking for gcc
configure:12477: result: gcc
configure:12706: checking for C compiler version
configure:12715: gcc --version >&5
gcc (Ubuntu 5.4.0-6ubuntu1~16.04.5) 5.4.0 20160609
Copyright (C) 2015 Free Software Foundation, Inc.
This is free software; see the source for copying conditions.  There is NO
warranty; not even for MERCHANTABILITY or FITNESS FOR A PARTICULAR PURPOSE.

configure:12726: $? = 0
configure:12715: gcc -v >&5
Using built-in specs.
COLLECT_GCC=gcc
COLLECT_LTO_WRAPPER=/usr/lib/gcc/x86_64-linux-gnu/5/lto-wrapper
Target: x86_64-linux-gnu
Configured with: ../src/configure -v --with-pkgversion='Ubuntu 5.4.0-6ubuntu1~16.04.5' --with-bugurl=file:///usr/share/doc/gcc-5/README.Bugs --enable-languages=c,ada,c++,java,go,d,fortran,objc,obj-c++ --prefix=/usr --program-suffix=-5 --enable-shared --enable-linker-build-id --libexecdir=/usr/lib --without-included-gettext --enable-threads=posix --libdir=/usr/lib --enable-nls --with-sysroot=/ --enable-clocale=gnu --enable-libstdcxx-debug --enable-libstdcxx-time=yes --with-default-libstdcxx-abi=new --enable-gnu-unique-object --disable-vtable-verify --enable-libmpx --enable-plugin --with-system-zlib --disable-browser-plugin --enable-java-awt=gtk --enable-gtk-cairo --with-java-home=/usr/lib/jvm/java-1.5.0-gcj-5-amd64/jre --enable-java-home --with-jvm-root-dir=/usr/lib/jvm/java-1.5.0-gcj-5-amd64 --with-jvm-jar-dir=/usr/lib/jvm-exports/java-1.5.0-gcj-5-amd64 --with-arch-directory=amd64 --with-ecj-jar=/usr/share/java/eclipse-ecj.jar --enable-objc-gc --enable-multiarch --disable-werror --with-arch-32=i686 --with-abi=m64 --with-multilib-list=m32,m64,mx32 --enable-multilib --with-tune=generic --enable-checking=release --build=x86_64-linux-gnu --host=x86_64-linux-gnu --target=x86_64-linux-gnu
Thread model: posix
gcc version 5.4.0 20160609 (Ubuntu 5.4.0-6ubuntu1~16.04.5) 
configure:12726: $? = 0
configure:12715: gcc -V >&5
gcc: error: unrecognized command line option '-V'
gcc: fatal error: no input files
compilation terminated.
configure:12726: $? = 1
configure:12715: gcc -qversion >&5
gcc: error: unrecognized command line option '-qversion'
gcc: fatal error: no input files
compilation terminated.
configure:12726: $? = 1
configure:12730: checking whether we are using the GNU C compiler
configure:12758: result: yes
configure:12767: checking whether gcc accepts -g
configure:12828: result: yes
configure:12845: checking for gcc option to accept ISO C89
configure:12921: result: none needed
configure:12946: checking whether gcc understands -c and -o together
configure:12983: result: yes
configure:13002: checking dependency style of gcc
configure:13113: result: gcc3
configure:13178: checking for a Python interpreter with version >= 2.7
configure:13195: python3 -c import sys # split strings by '.' and convert to numeric. Append some zeros # because we need at least 4 digits for the hex conversion. # map returns an iterator in Python 3.0 and a list in 2.x minver = list(map(int, '2.7'.split('.'))) + [0, 0, 0] minverhex = 0 # xrange is not present in Python 3.0 and range returns an iterator for i in list(range(0, 4)): minverhex = (minverhex << 8) + minver[i] sys.exit(sys.hexversion < minverhex)
configure:13198: $? = 0
configure:13204: result: python3
configure:13212: checking for python3
configure:13230: found /home/ishkanan/.pyenv/versions/pytooth/bin/python3
configure:13242: result: /home/ishkanan/.pyenv/versions/pytooth/bin/python3
configure:13260: checking for python3 version
configure:13267: result: 3.6
configure:13279: checking for python3 platform
configure:13286: result: linux
configure:13293: checking for python3 script directory
configure:13301: result: ${prefix}/lib/python3.6/site-packages
configure:13310: checking for python3 extension module directory
configure:13318: result: ${exec_prefix}/lib/python3.6/site-packages
configure:13342: /home/ishkanan/.pyenv/versions/pytooth/bin/python3 -c import sys # split strings by '.' and convert to numeric. Append some zeros # because we need at least 4 digits for the hex conversion. # map returns an iterator in Python 3.0 and a list in 2.x minver = list(map(int, '3.0'.split('.'))) + [0, 0, 0] minverhex = 0 # xrange is not present in Python 3.0 and range returns an iterator for i in list(range(0, 4)): minverhex = (minverhex << 8) + minver[i] sys.exit(sys.hexversion < minverhex)
configure:13345: $? = 0
configure:13354: checking for /home/ishkanan/.pyenv/versions/pytooth/bin/python3 >= 3.1
configure:13365: /home/ishkanan/.pyenv/versions/pytooth/bin/python3 -c import sys # split strings by '.' and convert to numeric. Append some zeros # because we need at least 4 digits for the hex conversion. # map returns an iterator in Python 3.0 and a list in 2.x minver = list(map(int, '3.1'.split('.'))) + [0, 0, 0] minverhex = 0 # xrange is not present in Python 3.0 and range returns an iterator for i in list(range(0, 4)): minverhex = (minverhex << 8) + minver[i] sys.exit(sys.hexversion < minverhex)
configure:13368: $? = 0
configure:13370: result: yes
configure:13446: checking for python version
configure:13453: result: 3.6
configure:13465: checking for python platform
configure:13472: result: linux
configure:13498: checking for python script directory
configure:13533: result: ${prefix}/lib/python3.6/site-packages
configure:13542: checking for python extension module directory
configure:13577: result: ${exec_prefix}/lib/python3.6/site-packages
configure:13591: checking for headers required to compile python extensions
configure:13609: gcc -E  -I/home/ishkanan/.pyenv/versions/3.6.1/include/python3.6m conftest.c
configure:13609: $? = 0
configure:13610: result: found
configure:13672: checking for PySignal_SetWakeupFd in Python.h
configure:13687: gcc -c -g -O2 -Wall -Werror -I/home/ishkanan/.pyenv/versions/3.6.1/include/python3.6m conftest.c >&5
configure:13687: $? = 0
configure:13693: result: yes
configure:13715: checking for python module thread
configure:13744: result: no
configure:13752: checking for python module _thread
configure:13778: result: yes
configure:13789: checking whether to enable threading in pygobject
configure:13794: result: yes
configure:13891: checking for pkg-config
configure:13909: found /usr/bin/pkg-config
configure:13921: result: /usr/bin/pkg-config
configure:13946: checking pkg-config is at least version 0.16
configure:13949: result: yes
configure:13966: checking for GLIB - version >= 2.38.0
configure:14078: gcc -o conftest -g -O2 -pthread -I/usr/include/glib-2.0 -I/usr/lib/x86_64-linux-gnu/glib-2.0/include    conftest.c -lgobject-2.0 -lgthread-2.0 -pthread -lglib-2.0  >&5
configure:14078: $? = 0
configure:14078: ./conftest
configure:14078: $? = 0
configure:14092: result: yes (version 2.48.2)
configure:14197: checking for FFI
configure:14204: $PKG_CONFIG --exists --print-errors "libffi >= 3.0"
configure:14207: $? = 0
configure:14221: $PKG_CONFIG --exists --print-errors "libffi >= 3.0"
configure:14224: $? = 0
configure:14282: result: yes
configure:14294: checking for GIO
configure:14301: $PKG_CONFIG --exists --print-errors "gio-2.0 >= 2.38.0"
configure:14304: $? = 0
configure:14318: $PKG_CONFIG --exists --print-errors "gio-2.0 >= 2.38.0"
configure:14321: $? = 0
configure:14379: result: yes
configure:14394: checking for GI
configure:14403: $PKG_CONFIG --exists --print-errors "glib-2.0 >= 2.38.0
    gobject-introspection-1.0 >= 1.46.0
"
configure:14408: $? = 0
configure:14426: $PKG_CONFIG --exists --print-errors "glib-2.0 >= 2.38.0
    gobject-introspection-1.0 >= 1.46.0
"
configure:14431: $? = 0
configure:14497: result: yes
configure:14508: checking for CAIRO
configure:14515: $PKG_CONFIG --exists --print-errors "cairo cairo-gobject"
configure:14518: $? = 0
configure:14532: $PKG_CONFIG --exists --print-errors "cairo cairo-gobject"
configure:14535: $? = 0
configure:14593: result: yes
configure:14601: checking for PYCAIRO
configure:14609: $PKG_CONFIG --exists --print-errors "py3cairo >= 1.10.0
        "
configure:14613: $? = 0
configure:14629: $PKG_CONFIG --exists --print-errors "py3cairo >= 1.10.0
        "
configure:14633: $? = 0
configure:14695: result: yes
configure:14893: checking whether gcc understands -Wall
configure:14906: gcc -c -g -O2 -Wall   conftest.c >&5
configure:14906: $? = 0
configure:14913: result: yes
configure:14893: checking whether gcc understands -Wstrict-prototypes
configure:14906: gcc -c -g -O2 -Wstrict-prototypes   conftest.c >&5
conftest.c:30:1: warning: function declaration isn't a prototype [-Wstrict-prototypes]
 main ()
 ^
configure:14906: $? = 0
configure:14913: result: yes
configure:14893: checking whether gcc understands -Wnested-externs
configure:14906: gcc -c -g -O2 -Wnested-externs   conftest.c >&5
configure:14906: $? = 0
configure:14913: result: yes
configure:14893: checking whether gcc understands -Werror=missing-prototypes
configure:14906: gcc -c -g -O2 -Werror=missing-prototypes   conftest.c >&5
configure:14906: $? = 0
configure:14913: result: yes
configure:14893: checking whether gcc understands -Werror=implicit-function-declaration
configure:14906: gcc -c -g -O2 -Werror=implicit-function-declaration   conftest.c >&5
configure:14906: $? = 0
configure:14913: result: yes
configure:14893: checking whether gcc understands -Werror=pointer-arith
configure:14906: gcc -c -g -O2 -Werror=pointer-arith   conftest.c >&5
configure:14906: $? = 0
configure:14913: result: yes
configure:14893: checking whether gcc understands -Werror=init-self
configure:14906: gcc -c -g -O2 -Werror=init-self   conftest.c >&5
configure:14906: $? = 0
configure:14913: result: yes
configure:14893: checking whether gcc understands -Werror=format-security
configure:14906: gcc -c -g -O2 -Werror=format-security   conftest.c >&5
configure:14906: $? = 0
configure:14913: result: yes
configure:14893: checking whether gcc understands -Werror=format=2
configure:14906: gcc -c -g -O2 -Werror=format=2   conftest.c >&5
configure:14906: $? = 0
configure:14913: result: yes
configure:14893: checking whether gcc understands -Werror=missing-include-dirs
configure:14906: gcc -c -g -O2 -Werror=missing-include-dirs   conftest.c >&5
configure:14906: $? = 0
configure:14913: result: yes
configure:14893: checking whether gcc understands -Werror=return-type
configure:14906: gcc -c -g -O2 -Werror=return-type   conftest.c >&5
configure:14906: $? = 0
configure:14913: result: yes
configure:14923: checking what warning flags to pass to the C compiler
configure:14925: result:  -Wall -Wstrict-prototypes -Wnested-externs -Werror=missing-prototypes -Werror=implicit-function-declaration -Werror=pointer-arith -Werror=init-self -Werror=format-security -Werror=format=2 -Werror=missing-include-dirs -Werror=return-type
configure:14936: checking what language compliance flags to pass to the C compiler
configure:14951: result: 
configure:14957: checking for Gnome code coverage support
configure:14959: result: yes
configure:14975: checking whether to build with code coverage support
configure:14995: result: no
configure:15369: checking whether gcc understands -Wall
configure:15382: gcc -c -g -O2 -Wall   conftest.c >&5
configure:15382: $? = 0
configure:15388: result: yes
configure:15402: checking whether gcc understands -Werror=unused-variable
configure:15415: gcc -c -g -O2 -Wall -Werror=unused-variable   conftest.c >&5
configure:15415: $? = 0
configure:15421: result: yes
configure:15435: checking whether gcc understands -fno-strict-aliasing
configure:15448: gcc -c -g -O2 -Wall -Werror=unused-variable -fno-strict-aliasing   conftest.c >&5
configure:15448: $? = 0
configure:15454: result: yes
configure:15468: checking whether gcc understands -Werror=declaration-after-statement
configure:15481: gcc -c -g -O2 -Wall -Werror=unused-variable -fno-strict-aliasing -Werror=declaration-after-statement   conftest.c >&5
configure:15481: $? = 0
configure:15487: result: yes
configure:15610: checking that generated files are newer than configure
configure:15616: result: done
configure:15659: creating ./config.status

## ---------------------- ##
## Running config.status. ##
## ---------------------- ##

This file was extended by pygobject config.status 3.22.0, which was
generated by GNU Autoconf 2.69.  Invocation command line was

  CONFIG_FILES    = 
  CONFIG_HEADERS  = 
  CONFIG_LINKS    = 
  CONFIG_COMMANDS = 
  $ ./config.status 

on ubuntudev

config.status:1413: creating Makefile
config.status:1413: creating pygobject-3.0.pc
config.status:1413: creating pygobject-3.0-uninstalled.pc
config.status:1413: creating gi/Makefile
config.status:1413: creating gi/repository/Makefile
config.status:1413: creating gi/overrides/Makefile
config.status:1413: creating gi/_gobject/Makefile
config.status:1413: creating examples/Makefile
config.status:1413: creating tests/Makefile
config.status:1413: creating pygtkcompat/Makefile
config.status:1413: creating PKG-INFO
config.status:1413: creating config.h
config.status:1642: executing depfiles commands
config.status:1642: executing libtool commands
configure:17825: result:
	pygobject 3.22.0

	Using python interpreter:	/home/ishkanan/.pyenv/versions/pytooth/bin/python3
	cairo support:			yes
	thread support:			yes
	code coverage support:          no


## ---------------- ##
## Cache variables. ##
## ---------------- ##

ac_cv_build=x86_64-pc-linux-gnu
ac_cv_c_compiler_gnu=yes
ac_cv_env_CAIRO_CFLAGS_set=
ac_cv_env_CAIRO_CFLAGS_value=
ac_cv_env_CAIRO_LIBS_set=
ac_cv_env_CAIRO_LIBS_value=
ac_cv_env_CC_set=
ac_cv_env_CC_value=
ac_cv_env_CFLAGS_set=
ac_cv_env_CFLAGS_value=
ac_cv_env_CPPFLAGS_set=
ac_cv_env_CPPFLAGS_value=
ac_cv_env_CPP_set=
ac_cv_env_CPP_value=
ac_cv_env_FFI_CFLAGS_set=
ac_cv_env_FFI_CFLAGS_value=
ac_cv_env_FFI_LIBS_set=
ac_cv_env_FFI_LIBS_value=
ac_cv_env_GIO_CFLAGS_set=
ac_cv_env_GIO_CFLAGS_value=
ac_cv_env_GIO_LIBS_set=
ac_cv_env_GIO_LIBS_value=
ac_cv_env_GI_CFLAGS_set=
ac_cv_env_GI_CFLAGS_value=
ac_cv_env_GI_LIBS_set=
ac_cv_env_GI_LIBS_value=
ac_cv_env_LDFLAGS_set=
ac_cv_env_LDFLAGS_value=
ac_cv_env_LIBS_set=
ac_cv_env_LIBS_value=
ac_cv_env_LT_SYS_LIBRARY_PATH_set=
ac_cv_env_LT_SYS_LIBRARY_PATH_value=
ac_cv_env_PKG_CONFIG_LIBDIR_set=
ac_cv_env_PKG_CONFIG_LIBDIR_value=
ac_cv_env_PKG_CONFIG_PATH_set=
ac_cv_env_PKG_CONFIG_PATH_value=
ac_cv_env_PKG_CONFIG_set=
ac_cv_env_PKG_CONFIG_value=
ac_cv_env_PYCAIRO_CFLAGS_set=
ac_cv_env_PYCAIRO_CFLAGS_value=
ac_cv_env_PYCAIRO_LIBS_set=
ac_cv_env_PYCAIRO_LIBS_value=
ac_cv_env_PYTHON_set=
ac_cv_env_PYTHON_value=
ac_cv_env_build_alias_set=
ac_cv_env_build_alias_value=
ac_cv_env_host_alias_set=
ac_cv_env_host_alias_value=
ac_cv_env_target_alias_set=
ac_cv_env_target_alias_value=
ac_cv_func_dlopen=no
ac_cv_func_shl_load=no
ac_cv_header_dlfcn_h=yes
ac_cv_header_inttypes_h=yes
ac_cv_header_memory_h=yes
ac_cv_header_stdc=yes
ac_cv_header_stdint_h=yes
ac_cv_header_stdlib_h=yes
ac_cv_header_string_h=yes
ac_cv_header_strings_h=yes
ac_cv_header_sys_stat_h=yes
ac_cv_header_sys_types_h=yes
ac_cv_header_unistd_h=yes
ac_cv_host=x86_64-pc-linux-gnu
ac_cv_lib_dl_dlopen=yes
ac_cv_lib_dld_shl_load=no
ac_cv_objext=o
ac_cv_path_EGREP='/bin/grep -E'
ac_cv_path_FGREP='/bin/grep -F'
ac_cv_path_GREP=/bin/grep
ac_cv_path_PYTHON=/home/ishkanan/.pyenv/versions/pytooth/bin/python3
ac_cv_path_SED=/bin/sed
ac_cv_path_ac_pt_PKG_CONFIG=/usr/bin/pkg-config
ac_cv_path_install='/usr/bin/install -c'
ac_cv_path_lt_DD=/bin/dd
ac_cv_path_mkdir=/bin/mkdir
ac_cv_prog_AWK=gawk
ac_cv_prog_CPP='gcc -E'
ac_cv_prog_ac_ct_AR=ar
ac_cv_prog_ac_ct_CC=gcc
ac_cv_prog_ac_ct_MANIFEST_TOOL=mt
ac_cv_prog_ac_ct_OBJDUMP=objdump
ac_cv_prog_ac_ct_RANLIB=ranlib
ac_cv_prog_ac_ct_STRIP=strip
ac_cv_prog_cc_c89=
ac_cv_prog_cc_g=yes
ac_cv_prog_make_make_set=yes
ac_cv_search_strerror='none required'
am_cv_CC_dependencies_compiler_type=gcc3
am_cv_make_support_nested_variables=yes
am_cv_pathless_PYTHON=python3
am_cv_prog_cc_c_o=yes
am_cv_python_platform=linux
am_cv_python_pyexecdir='${exec_prefix}/lib/python3.6/site-packages'
am_cv_python_pythondir='${prefix}/lib/python3.6/site-packages'
am_cv_python_version=3.6
lt_cv_ar_at_file=@
lt_cv_archive_cmds_need_lc=no
lt_cv_deplibs_check_method=pass_all
lt_cv_dlopen=dlopen
lt_cv_dlopen_libs=-ldl
lt_cv_dlopen_self=yes
lt_cv_dlopen_self_static=no
lt_cv_file_magic_cmd='$MAGIC_CMD'
lt_cv_file_magic_test_file=
lt_cv_ld_reload_flag=-r
lt_cv_nm_interface='BSD nm'
lt_cv_objdir=.libs
lt_cv_path_LD=/usr/bin/ld
lt_cv_path_NM='/usr/bin/nm -B'
lt_cv_path_mainfest_tool=no
lt_cv_prog_compiler_c_o=yes
lt_cv_prog_compiler_pic='-fPIC -DPIC'
lt_cv_prog_compiler_pic_works=yes
lt_cv_prog_compiler_rtti_exceptions=no
lt_cv_prog_compiler_static_works=yes
lt_cv_prog_gnu_ld=yes
lt_cv_sharedlib_from_linklib_cmd='printf %s\n'
lt_cv_shlibpath_overrides_runpath=no
lt_cv_sys_global_symbol_pipe='sed -n -e '\''s/^.*[	 ]\([ABCDGIRSTW][ABCDGIRSTW]*\)[	 ][	 ]*\([_A-Za-z][_A-Za-z0-9]*\)$/\1 \2 \2/p'\'' | sed '\''/ __gnu_lto/d'\'''
lt_cv_sys_global_symbol_to_c_name_address='sed -n -e '\''s/^: \(.*\) .*$/  {"\1", (void *) 0},/p'\'' -e '\''s/^[ABCDGIRSTW][ABCDGIRSTW]* .* \(.*\)$/  {"\1", (void *) \&\1},/p'\'''
lt_cv_sys_global_symbol_to_c_name_address_lib_prefix='sed -n -e '\''s/^: \(.*\) .*$/  {"\1", (void *) 0},/p'\'' -e '\''s/^[ABCDGIRSTW][ABCDGIRSTW]* .* \(lib.*\)$/  {"\1", (void *) \&\1},/p'\'' -e '\''s/^[ABCDGIRSTW][ABCDGIRSTW]* .* \(.*\)$/  {"lib\1", (void *) \&\1},/p'\'''
lt_cv_sys_global_symbol_to_cdecl='sed -n -e '\''s/^T .* \(.*\)$/extern int \1();/p'\'' -e '\''s/^[ABCDGIRSTW][ABCDGIRSTW]* .* \(.*\)$/extern char \1;/p'\'''
lt_cv_sys_global_symbol_to_import=
lt_cv_sys_max_cmd_len=1572864
lt_cv_to_host_file_cmd=func_convert_file_noop
lt_cv_to_tool_file_cmd=func_convert_file_noop
lt_cv_truncate_bin='/bin/dd bs=4096 count=1'
pkg_cv_CAIRO_CFLAGS='-I/usr/include/cairo -I/usr/include/pixman-1 -I/usr/include/freetype2 -I/usr/include/libpng12 -I/usr/include/glib-2.0 -I/usr/lib/x86_64-linux-gnu/glib-2.0/include'
pkg_cv_CAIRO_LIBS='-lcairo-gobject -lcairo -lgobject-2.0 -lglib-2.0'
pkg_cv_FFI_CFLAGS=
pkg_cv_FFI_LIBS=-lffi
pkg_cv_GIO_CFLAGS='-pthread -I/usr/include/glib-2.0 -I/usr/lib/x86_64-linux-gnu/glib-2.0/include'
pkg_cv_GIO_LIBS='-lgio-2.0 -lgobject-2.0 -lglib-2.0'
pkg_cv_GI_CFLAGS='-pthread -I/usr/include/gobject-introspection-1.0 -I/usr/include/glib-2.0 -I/usr/lib/x86_64-linux-gnu/glib-2.0/include'
pkg_cv_GI_LIBS='-lgirepository-1.0 -lgobject-2.0 -lglib-2.0'
pkg_cv_PYCAIRO_CFLAGS='-I/usr/include/cairo -I/usr/include/glib-2.0 -I/usr/lib/x86_64-linux-gnu/glib-2.0/include -I/usr/include/pixman-1 -I/usr/include/freetype2 -I/usr/include/libpng12 -I/usr/include/pycairo'
pkg_cv_PYCAIRO_LIBS=-lcairo
py_cv_mod__thread_=yes
py_cv_mod_thread_=no

## ----------------- ##
## Output variables. ##
## ----------------- ##





















	$(AM_V_at)$(MAKE) $(AM_MAKEFLAGS) code-coverage-capture
	$(AM_V_at)$(MAKE) $(AM_MAKEFLAGS) code-coverage-capture
	$(code_coverage_v_genhtml)LANG=C $(GENHTML) $(code_coverage_quiet) $(addprefix --prefix ,$(CODE_COVERAGE_DIRECTORY)) --output-directory "$(CODE_COVERAGE_OUTPUT_DIRECTORY)" --title "$(PACKAGE_NAME)-$(PACKAGE_VERSION) Code Coverage" --legend --show-details "$(CODE_COVERAGE_OUTPUT_FILE)" $(CODE_COVERAGE_GENHTML_OPTIONS)
	$(code_coverage_v_genhtml)LANG=C $(GENHTML) $(code_coverage_quiet) $(addprefix --prefix ,$(CODE_COVERAGE_DIRECTORY)) --output-directory "$(CODE_COVERAGE_OUTPUT_DIRECTORY)" --title "$(PACKAGE_NAME)-$(PACKAGE_VERSION) Code Coverage" --legend --show-details "$(CODE_COVERAGE_OUTPUT_FILE)" $(CODE_COVERAGE_GENHTML_OPTIONS)
	$(code_coverage_v_lcov_cap)$(LCOV) $(code_coverage_quiet) $(addprefix --directory ,$(CODE_COVERAGE_DIRECTORY)) --capture --output-file "$(CODE_COVERAGE_OUTPUT_FILE).tmp" --test-name "$(call code_coverage_sanitize,$(PACKAGE_NAME)-$(PACKAGE_VERSION))" --no-checksum --compat-libtool $(CODE_COVERAGE_LCOV_SHOPTS) $(CODE_COVERAGE_LCOV_OPTIONS)
	$(code_coverage_v_lcov_cap)$(LCOV) $(code_coverage_quiet) $(addprefix --directory ,$(CODE_COVERAGE_DIRECTORY)) --capture --output-file "$(CODE_COVERAGE_OUTPUT_FILE).tmp" --test-name "$(call code_coverage_sanitize,$(PACKAGE_NAME)-$(PACKAGE_VERSION))" --no-checksum --compat-libtool $(CODE_COVERAGE_LCOV_SHOPTS) $(CODE_COVERAGE_LCOV_OPTIONS)
	$(code_coverage_v_lcov_ign)$(LCOV) $(code_coverage_quiet) $(addprefix --directory ,$(CODE_COVERAGE_DIRECTORY)) --remove "$(CODE_COVERAGE_OUTPUT_FILE).tmp" "/tmp/*" $(CODE_COVERAGE_IGNORE_PATTERN) --output-file "$(CODE_COVERAGE_OUTPUT_FILE)" $(CODE_COVERAGE_LCOV_SHOPTS) $(CODE_COVERAGE_LCOV_RMOPTS)
	$(code_coverage_v_lcov_ign)$(LCOV) $(code_coverage_quiet) $(addprefix --directory ,$(CODE_COVERAGE_DIRECTORY)) --remove "$(CODE_COVERAGE_OUTPUT_FILE).tmp" "/tmp/*" $(CODE_COVERAGE_IGNORE_PATTERN) --output-file "$(CODE_COVERAGE_OUTPUT_FILE)" $(CODE_COVERAGE_LCOV_SHOPTS) $(CODE_COVERAGE_LCOV_RMOPTS)
	-$(AM_V_at)$(MAKE) $(AM_MAKEFLAGS) -k check
	-$(AM_V_at)$(MAKE) $(AM_MAKEFLAGS) -k check
	-$(LCOV) --directory $(top_builddir) -z
	-$(LCOV) --directory $(top_builddir) -z
	-@rm -f $(CODE_COVERAGE_OUTPUT_FILE).tmp
	-@rm -f $(CODE_COVERAGE_OUTPUT_FILE).tmp
	-find . -name "*.gcda" -o -name "*.gcov" -delete
	-find . -name "*.gcda" -o -name "*.gcov" -delete
	-rm -rf $(CODE_COVERAGE_OUTPUT_FILE) $(CODE_COVERAGE_OUTPUT_FILE).tmp $(CODE_COVERAGE_OUTPUT_DIRECTORY)
	-rm -rf $(CODE_COVERAGE_OUTPUT_FILE) $(CODE_COVERAGE_OUTPUT_FILE).tmp $(CODE_COVERAGE_OUTPUT_DIRECTORY)
	@echo "Need to reconfigure with --enable-code-coverage"
	@echo "Need to reconfigure with --enable-code-coverage"
	@echo "Need to reconfigure with --enable-code-coverage"
	@echo "Need to reconfigure with --enable-code-coverage"
	@echo "file://$(abs_builddir)/$(CODE_COVERAGE_OUTPUT_DIRECTORY)/index.html"
	@echo "file://$(abs_builddir)/$(CODE_COVERAGE_OUTPUT_DIRECTORY)/index.html"
 $(CODE_COVERAGE_IGNORE_PATTERN);
 $(CODE_COVERAGE_IGNORE_PATTERN);
 $(CODE_COVERAGE_OUTPUT_FILE);
 $(CODE_COVERAGE_OUTPUT_FILE);
#
#
#
#
#    $(PACKAGE_NAME)-$(PACKAGE_VERSION)-coverage)
#    $(PACKAGE_NAME)-$(PACKAGE_VERSION)-coverage)
#    $(PACKAGE_NAME)-$(PACKAGE_VERSION)-coverage.info)
#    $(PACKAGE_NAME)-$(PACKAGE_VERSION)-coverage.info)
#    (Default: $(top_builddir))
#    (Default: $(top_builddir))
#    (Default: empty)
#    (Default: empty)
#    Multiple directories may be specified, separated by whitespace.
#    Multiple directories may be specified, separated by whitespace.
#    by lcov for code coverage. (Default:
#    by lcov for code coverage. (Default:
#    collecting lcov instance. (Default: $CODE_COVERAGE_LCOV_OPTIONS_GCOVPATH)
#    collecting lcov instance. (Default: $CODE_COVERAGE_LCOV_OPTIONS_GCOVPATH)
#    genhtml instance. (Default: based on $CODE_COVERAGE_BRANCH_COVERAGE)
#    genhtml instance. (Default: based on $CODE_COVERAGE_BRANCH_COVERAGE)
#    instance. (Default: $CODE_COVERAGE_GENHTML_OPTIONS_DEFAULT)
#    instance. (Default: $CODE_COVERAGE_GENHTML_OPTIONS_DEFAULT)
#    instance. (Default: $CODE_COVERAGE_LCOV_OPTIONS_DEFAULT)
#    instance. (Default: $CODE_COVERAGE_LCOV_OPTIONS_DEFAULT)
#    instance. (Default: $CODE_COVERAGE_LCOV_RMOPTS_DEFAULT)
#    instance. (Default: $CODE_COVERAGE_LCOV_RMOPTS_DEFAULT)
#    instances. (Default: $CODE_COVERAGE_LCOV_SHOPTS_DEFAULT)
#    instances. (Default: $CODE_COVERAGE_LCOV_SHOPTS_DEFAULT)
#    instances. (Default: based on $CODE_COVERAGE_BRANCH_COVERAGE)
#    instances. (Default: based on $CODE_COVERAGE_BRANCH_COVERAGE)
#    lcov instance. (Default: empty)
#    lcov instance. (Default: empty)
#    reports to be created. (Default:
#    reports to be created. (Default:
#    set to 0 to disable it and leave empty to stay with the default.
#    set to 0 to disable it and leave empty to stay with the default.
#  - CODE_COVERAGE_BRANCH_COVERAGE: Set to 1 to enforce branch coverage,
#  - CODE_COVERAGE_BRANCH_COVERAGE: Set to 1 to enforce branch coverage,
#  - CODE_COVERAGE_DIRECTORY: Top-level directory for code coverage reporting.
#  - CODE_COVERAGE_DIRECTORY: Top-level directory for code coverage reporting.
#  - CODE_COVERAGE_GENHTML_OPTIONS: Extra options to pass to the genhtml
#  - CODE_COVERAGE_GENHTML_OPTIONS: Extra options to pass to the genhtml
#  - CODE_COVERAGE_GENHTML_OPTIONS_DEFAULT: Extra options to pass to the
#  - CODE_COVERAGE_GENHTML_OPTIONS_DEFAULT: Extra options to pass to the
#  - CODE_COVERAGE_IGNORE_PATTERN: Extra glob pattern of files to ignore
#  - CODE_COVERAGE_IGNORE_PATTERN: Extra glob pattern of files to ignore
#  - CODE_COVERAGE_LCOV_OPTIONS: Extra options to pass to the collecting lcov
#  - CODE_COVERAGE_LCOV_OPTIONS: Extra options to pass to the collecting lcov
#  - CODE_COVERAGE_LCOV_OPTIONS_DEFAULT: Extra options to pass to the
#  - CODE_COVERAGE_LCOV_OPTIONS_DEFAULT: Extra options to pass to the
#  - CODE_COVERAGE_LCOV_OPTIONS_GCOVPATH: --gcov-tool pathtogcov
#  - CODE_COVERAGE_LCOV_OPTIONS_GCOVPATH: --gcov-tool pathtogcov
#  - CODE_COVERAGE_LCOV_RMOPTS: Extra options to pass to the filtering lcov
#  - CODE_COVERAGE_LCOV_RMOPTS: Extra options to pass to the filtering lcov
#  - CODE_COVERAGE_LCOV_RMOPTS_DEFAULT: Extra options to pass to the filtering
#  - CODE_COVERAGE_LCOV_RMOPTS_DEFAULT: Extra options to pass to the filtering
#  - CODE_COVERAGE_LCOV_SHOPTS: Extra options to shared between both lcov
#  - CODE_COVERAGE_LCOV_SHOPTS: Extra options to shared between both lcov
#  - CODE_COVERAGE_LCOV_SHOPTS_DEFAULT: Extra options shared between both lcov
#  - CODE_COVERAGE_LCOV_SHOPTS_DEFAULT: Extra options shared between both lcov
#  - CODE_COVERAGE_OUTPUT_DIRECTORY: Directory for generated code coverage
#  - CODE_COVERAGE_OUTPUT_DIRECTORY: Directory for generated code coverage
#  - CODE_COVERAGE_OUTPUT_FILE: Filename and path for the .info file generated
#  - CODE_COVERAGE_OUTPUT_FILE: Filename and path for the .info file generated
# $(PACKAGE_VERSION). In order to add the current git hash to the title,
# $(PACKAGE_VERSION). In order to add the current git hash to the title,
# Capture code coverage data
# Capture code coverage data
# Code coverage
# Code coverage
# Hook rule executed before code-coverage-capture, overridable by the user
# Hook rule executed before code-coverage-capture, overridable by the user
# Optional variables
# Optional variables
# Optional:
# Optional:
# The generated report will be titled using the $(PACKAGE_NAME) and
# The generated report will be titled using the $(PACKAGE_NAME) and
# Use recursive makes in order to ignore errors during check
# Use recursive makes in order to ignore errors during check
# sanitizes the test-name: replaces with underscores: dashes and dots
# sanitizes the test-name: replaces with underscores: dashes and dots
# use the git-version-gen script, available online.
# use the git-version-gen script, available online.
$(if $(CODE_COVERAGE_BRANCH_COVERAGE),\
$(if $(CODE_COVERAGE_BRANCH_COVERAGE),\
'
'
--rc genhtml_branch_coverage=$(CODE_COVERAGE_BRANCH_COVERAGE))
--rc genhtml_branch_coverage=$(CODE_COVERAGE_BRANCH_COVERAGE))
--rc lcov_branch_coverage=$(CODE_COVERAGE_BRANCH_COVERAGE))
--rc lcov_branch_coverage=$(CODE_COVERAGE_BRANCH_COVERAGE))
.PHONY: check-code-coverage code-coverage-capture code-coverage-capture-hook code-coverage-clean
.PHONY: check-code-coverage code-coverage-capture code-coverage-capture-hook code-coverage-clean
ACLOCAL='${SHELL} /home/ishkanan/pytooth/repo/packages/src/pygobject-3.22.0/missing aclocal-1.15 '
ACLOCAL_AMFLAGS='-I m4 -I .'
AMDEPBACKSLASH='\'
AMDEP_FALSE='#'
AMDEP_TRUE=''
AMTAR='$${TAR-tar}'
AM_BACKSLASH='\'
AM_DEFAULT_V='$(AM_DEFAULT_VERBOSITY)'
AM_DEFAULT_VERBOSITY='0'
AM_DISTCHECK_CONFIGURE_FLAGS += --disable-code-coverage
AM_DISTCHECK_CONFIGURE_FLAGS += --disable-code-coverage
AM_DISTCHECK_CONFIGURE_FLAGS ?=
AM_DISTCHECK_CONFIGURE_FLAGS ?=
AM_V='$(V)'
AR='ar'
AS='as'
AUTOCONF='${SHELL} /home/ishkanan/pytooth/repo/packages/src/pygobject-3.22.0/missing autoconf'
AUTOHEADER='${SHELL} /home/ishkanan/pytooth/repo/packages/src/pygobject-3.22.0/missing autoheader'
AUTOMAKE='${SHELL} /home/ishkanan/pytooth/repo/packages/src/pygobject-3.22.0/missing automake-1.15'
AWK='gawk'
CAIRO_CFLAGS='-I/usr/include/cairo -I/usr/include/pixman-1 -I/usr/include/freetype2 -I/usr/include/libpng12 -I/usr/include/glib-2.0 -I/usr/lib/x86_64-linux-gnu/glib-2.0/include'
CAIRO_LIBS='-lcairo-gobject -lcairo -lgobject-2.0 -lglib-2.0'
CC='gcc'
CCDEPMODE='depmode=gcc3'
CFLAGS='-g -O2 -Wall -Werror=unused-variable -fno-strict-aliasing -Werror=declaration-after-statement  -Wall -Wstrict-prototypes -Wnested-externs -Werror=missing-prototypes -Werror=implicit-function-declaration -Werror=pointer-arith -Werror=init-self -Werror=format-security -Werror=format=2 -Werror=missing-include-dirs -Werror=return-type  '
CODE_COVERAGE_BRANCH_COVERAGE ?=
CODE_COVERAGE_BRANCH_COVERAGE ?=
CODE_COVERAGE_CFLAGS=''
CODE_COVERAGE_CPPFLAGS=''
CODE_COVERAGE_CXXFLAGS=''
CODE_COVERAGE_DIRECTORY ?= $(top_builddir)
CODE_COVERAGE_DIRECTORY ?= $(top_builddir)
CODE_COVERAGE_ENABLED='no'
CODE_COVERAGE_ENABLED_FALSE=''
CODE_COVERAGE_ENABLED_TRUE='#'
CODE_COVERAGE_GENHTML_OPTIONS ?= $(CODE_COVERAGE_GENHTML_OPTIONS_DEFAULTS)
CODE_COVERAGE_GENHTML_OPTIONS ?= $(CODE_COVERAGE_GENHTML_OPTIONS_DEFAULTS)
CODE_COVERAGE_GENHTML_OPTIONS_DEFAULT ?=\
CODE_COVERAGE_GENHTML_OPTIONS_DEFAULT ?=\
CODE_COVERAGE_IGNORE_PATTERN ?=
CODE_COVERAGE_IGNORE_PATTERN ?=
CODE_COVERAGE_LCOV_OPTIONS ?= $(CODE_COVERAGE_LCOV_OPTIONS_DEFAULT)
CODE_COVERAGE_LCOV_OPTIONS ?= $(CODE_COVERAGE_LCOV_OPTIONS_DEFAULT)
CODE_COVERAGE_LCOV_OPTIONS_DEFAULT ?= $(CODE_COVERAGE_LCOV_OPTIONS_GCOVPATH)
CODE_COVERAGE_LCOV_OPTIONS_DEFAULT ?= $(CODE_COVERAGE_LCOV_OPTIONS_GCOVPATH)
CODE_COVERAGE_LCOV_OPTIONS_GCOVPATH ?= --gcov-tool "$(GCOV)"
CODE_COVERAGE_LCOV_OPTIONS_GCOVPATH ?= --gcov-tool "$(GCOV)"
CODE_COVERAGE_LCOV_RMOPTS ?= $(CODE_COVERAGE_LCOV_RMOPTS_DEFAULT)
CODE_COVERAGE_LCOV_RMOPTS ?= $(CODE_COVERAGE_LCOV_RMOPTS_DEFAULT)
CODE_COVERAGE_LCOV_RMOPTS_DEFAULT ?=
CODE_COVERAGE_LCOV_RMOPTS_DEFAULT ?=
CODE_COVERAGE_LCOV_SHOPTS ?= $(CODE_COVERAGE_LCOV_SHOPTS_DEFAULT)
CODE_COVERAGE_LCOV_SHOPTS ?= $(CODE_COVERAGE_LCOV_SHOPTS_DEFAULT)
CODE_COVERAGE_LCOV_SHOPTS_DEFAULT ?= $(if $(CODE_COVERAGE_BRANCH_COVERAGE),\
CODE_COVERAGE_LCOV_SHOPTS_DEFAULT ?= $(if $(CODE_COVERAGE_BRANCH_COVERAGE),\
CODE_COVERAGE_LDFLAGS=''
CODE_COVERAGE_OUTPUT_DIRECTORY ?= $(PACKAGE_NAME)-$(PACKAGE_VERSION)-coverage
CODE_COVERAGE_OUTPUT_DIRECTORY ?= $(PACKAGE_NAME)-$(PACKAGE_VERSION)-coverage
CODE_COVERAGE_OUTPUT_FILE ?= $(PACKAGE_NAME)-$(PACKAGE_VERSION)-coverage.info
CODE_COVERAGE_OUTPUT_FILE ?= $(PACKAGE_NAME)-$(PACKAGE_VERSION)-coverage.info
CODE_COVERAGE_RULES='
CPP='gcc -E'
CPPFLAGS=' '
CYGPATH_W='echo'
DATADIR='${prefix}/share'
DEFS='-DHAVE_CONFIG_H'
DEPDIR='.deps'
DLLTOOL='false'
DSYMUTIL=''
DUMPBIN=''
ECHO_C=''
ECHO_N='-n'
ECHO_T=''
EGREP='/bin/grep -E'
ENABLE_CAIRO_FALSE='#'
ENABLE_CAIRO_TRUE=''
EXEEXT=''
FFI_CFLAGS=''
FFI_LIBS='-lffi'
FGREP='/bin/grep -F'
GCOV=''
GENHTML=''
GIO_CFLAGS='-pthread -I/usr/include/glib-2.0 -I/usr/lib/x86_64-linux-gnu/glib-2.0/include'
GIO_LIBS='-lgio-2.0 -lgobject-2.0 -lglib-2.0'
GITIGNOREFILES += $(CODE_COVERAGE_OUTPUT_FILE) $(CODE_COVERAGE_OUTPUT_DIRECTORY)
GITIGNOREFILES += $(CODE_COVERAGE_OUTPUT_FILE) $(CODE_COVERAGE_OUTPUT_DIRECTORY)
GITIGNOREFILES ?=
GITIGNOREFILES ?=
GI_CFLAGS='-pthread -I/usr/include/gobject-introspection-1.0 -I/usr/include/glib-2.0 -I/usr/lib/x86_64-linux-gnu/glib-2.0/include'
GI_DATADIR='/usr/share/gobject-introspection-1.0'
GI_LIBS='-lgirepository-1.0 -lgobject-2.0 -lglib-2.0'
GLIB_CFLAGS='-pthread -I/usr/include/glib-2.0 -I/usr/lib/x86_64-linux-gnu/glib-2.0/include'
GLIB_COMPILE_RESOURCES='/usr/lib/x86_64-linux-gnu/glib-2.0/glib-compile-resources'
GLIB_GENMARSHAL='glib-genmarshal'
GLIB_LIBS='-lgobject-2.0 -lgthread-2.0 -pthread -lglib-2.0'
GLIB_MKENUMS='glib-mkenums'
GNOME_CODE_COVERAGE_RULES='
GOBJECT_QUERY='gobject-query'
GREP='/bin/grep'
INSTALL_DATA='${INSTALL} -m 644'
INSTALL_PROGRAM='${INSTALL}'
INSTALL_SCRIPT='${INSTALL}'
INSTALL_STRIP_PROGRAM='$(install_sh) -c -s'
INTROSPECTION_COMPILER='/usr/bin/g-ir-compiler'
INTROSPECTION_SCANNER='/usr/bin/g-ir-scanner'
LCOV=''
LD='/usr/bin/ld -m elf_x86_64'
LDFLAGS=' '
LIBFFI_PC='libffi'
LIBOBJS=''
LIBS=''
LIBTOOL='$(SHELL) $(top_builddir)/libtool'
LIPO=''
LN_S='ln -s'
LTLIBOBJS=''
LT_SYS_LIBRARY_PATH=''
MAKEINFO='${SHELL} /home/ishkanan/pytooth/repo/packages/src/pygobject-3.22.0/missing makeinfo'
MANIFEST_TOOL=':'
MKDIR_P='/bin/mkdir -p'
NM='/usr/bin/nm -B'
NMEDIT=''
OBJDUMP='objdump'
OBJEXT='o'
OS_EXT='so'
OS_WIN32_FALSE=''
OS_WIN32_TRUE='#'
OTOOL64=''
OTOOL=''
PACKAGE='pygobject'
PACKAGE_BUGREPORT='http://bugzilla.gnome.org/enter_bug.cgi?product=pygobject'
PACKAGE_NAME='pygobject'
PACKAGE_STRING='pygobject 3.22.0'
PACKAGE_TARNAME='pygobject'
PACKAGE_URL='https://wiki.gnome.org/Projects/PyGObject/'
PACKAGE_VERSION='3.22.0'
PATH_SEPARATOR=':'
PKG_CONFIG='/usr/bin/pkg-config'
PKG_CONFIG_LIBDIR=''
PKG_CONFIG_PATH=''
PLATFORM='linux-x86_64'
PYCAIRO_CFLAGS='-I/usr/include/cairo -I/usr/include/glib-2.0 -I/usr/lib/x86_64-linux-gnu/glib-2.0/include -I/usr/include/pixman-1 -I/usr/include/freetype2 -I/usr/include/libpng12 -I/usr/include/pycairo'
PYCAIRO_LIBS='-lcairo'
PYGOBJECT_MAJOR_VERSION='3'
PYGOBJECT_MICRO_VERSION='0'
PYGOBJECT_MINOR_VERSION='22'
PYTHON='/home/ishkanan/.pyenv/versions/pytooth/bin/python3'
PYTHON_BASENAME='python3'
PYTHON_EXEC_PREFIX='${exec_prefix}'
PYTHON_INCLUDES='-I/home/ishkanan/.pyenv/versions/3.6.1/include/python3.6m'
PYTHON_LIBS=''
PYTHON_LIB_LOC=''
PYTHON_PLATFORM='linux'
PYTHON_PREFIX='${prefix}'
PYTHON_SO='.cpython-36m-x86_64-linux-gnu.so'
PYTHON_VERSION='3.6'
RANLIB='ranlib'
SED='/bin/sed'
SET_MAKE=''
SHELL='/bin/bash'
STRIP='strip'
THREADING_CFLAGS=''
VERSION='3.22.0'
WARN_CFLAGS=' -Wall -Wstrict-prototypes -Wnested-externs -Werror=missing-prototypes -Werror=implicit-function-declaration -Werror=pointer-arith -Werror=init-self -Werror=format-security -Werror=format=2 -Werror=missing-include-dirs -Werror=return-type '
WITH_COMMON_FALSE='#'
WITH_COMMON_TRUE=''
ac_ct_AR='ar'
ac_ct_CC='gcc'
ac_ct_DUMPBIN=''
am__EXEEXT_FALSE=''
am__EXEEXT_TRUE='#'
am__fastdepCC_FALSE='#'
am__fastdepCC_TRUE=''
am__include='include'
am__isrc=''
am__leading_dot='.'
am__nodep='_no'
am__quote=''
am__tar='$${TAR-tar} chof - "$$tardir"'
am__untar='$${TAR-tar} xf -'
bindir='${exec_prefix}/bin'
build='x86_64-pc-linux-gnu'
build_alias=''
build_cpu='x86_64'
build_os='linux-gnu'
build_vendor='pc'
check-code-coverage:
check-code-coverage:
clean: code-coverage-clean
clean: code-coverage-clean
code-coverage-capture-hook:
code-coverage-capture-hook:
code-coverage-capture: code-coverage-capture-hook
code-coverage-capture: code-coverage-capture-hook
code-coverage-clean:
code-coverage-clean:
code_coverage_quiet = $(code_coverage_quiet_$(V))
code_coverage_quiet = $(code_coverage_quiet_$(V))
code_coverage_quiet_ = $(code_coverage_quiet_$(AM_DEFAULT_VERBOSITY))
code_coverage_quiet_ = $(code_coverage_quiet_$(AM_DEFAULT_VERBOSITY))
code_coverage_quiet_0 = --quiet
code_coverage_quiet_0 = --quiet
code_coverage_sanitize = $(subst -,_,$(subst .,_,$(1)))
code_coverage_sanitize = $(subst -,_,$(subst .,_,$(1)))
code_coverage_v_genhtml = $(code_coverage_v_genhtml_$(V))
code_coverage_v_genhtml = $(code_coverage_v_genhtml_$(V))
code_coverage_v_genhtml_ = $(code_coverage_v_genhtml_$(AM_DEFAULT_VERBOSITY))
code_coverage_v_genhtml_ = $(code_coverage_v_genhtml_$(AM_DEFAULT_VERBOSITY))
code_coverage_v_genhtml_0 = @echo "  GEN   " $(CODE_COVERAGE_OUTPUT_DIRECTORY);
code_coverage_v_genhtml_0 = @echo "  GEN   " $(CODE_COVERAGE_OUTPUT_DIRECTORY);
code_coverage_v_lcov_cap = $(code_coverage_v_lcov_cap_$(V))
code_coverage_v_lcov_cap = $(code_coverage_v_lcov_cap_$(V))
code_coverage_v_lcov_cap_ = $(code_coverage_v_lcov_cap_$(AM_DEFAULT_VERBOSITY))
code_coverage_v_lcov_cap_ = $(code_coverage_v_lcov_cap_$(AM_DEFAULT_VERBOSITY))
code_coverage_v_lcov_cap_0 = @echo "  LCOV   --capture"\
code_coverage_v_lcov_cap_0 = @echo "  LCOV   --capture"\
code_coverage_v_lcov_ign = $(code_coverage_v_lcov_ign_$(V))
code_coverage_v_lcov_ign = $(code_coverage_v_lcov_ign_$(V))
code_coverage_v_lcov_ign_ = $(code_coverage_v_lcov_ign_$(AM_DEFAULT_VERBOSITY))
code_coverage_v_lcov_ign_ = $(code_coverage_v_lcov_ign_$(AM_DEFAULT_VERBOSITY))
code_coverage_v_lcov_ign_0 = @echo "  LCOV   --remove /tmp/*"\
code_coverage_v_lcov_ign_0 = @echo "  LCOV   --remove /tmp/*"\
datadir='${datarootdir}'
datarootdir='${prefix}/share'
docdir='${datarootdir}/doc/${PACKAGE_TARNAME}'
dvidir='${docdir}'
else
else
else
else
endif
endif
endif
endif
endif
endif
exec_prefix='${prefix}'
host='x86_64-pc-linux-gnu'
host_alias=''
host_cpu='x86_64'
host_os='linux-gnu'
host_vendor='pc'
htmldir='${docdir}'
ifeq ($(CODE_COVERAGE_ENABLED),yes)
ifeq ($(CODE_COVERAGE_ENABLED),yes)
ifeq ($(CODE_COVERAGE_ENABLED),yes)
ifeq ($(CODE_COVERAGE_ENABLED),yes)
ifeq ($(CODE_COVERAGE_ENABLED),yes)
ifeq ($(CODE_COVERAGE_ENABLED),yes)
includedir='${prefix}/include'
infodir='${datarootdir}/info'
install_sh='${SHELL} /home/ishkanan/pytooth/repo/packages/src/pygobject-3.22.0/install-sh'
libdir='${exec_prefix}/lib'
libexecdir='${exec_prefix}/libexec'
localedir='${datarootdir}/locale'
localstatedir='${prefix}/var'
mandir='${datarootdir}/man'
mkdir_p='$(MKDIR_P)'
oldincludedir='/usr/include'
pdfdir='${docdir}'
pkgpyexecdir='${pyexecdir}/pygobject'
pkgpythondir='${pythondir}/pygobject'
prefix='/usr/local'
program_transform_name='s,x,x,'
psdir='${docdir}'
pyexecdir='${exec_prefix}/lib/python3.6/site-packages'
pythondir='${prefix}/lib/python3.6/site-packages'
runstatedir='${localstatedir}/run'
sbindir='${exec_prefix}/sbin'
sharedstatedir='${prefix}/com'
sysconfdir='${prefix}/etc'
target_alias=''

## ----------- ##
## confdefs.h. ##
## ----------- ##

/* confdefs.h */
#define PACKAGE_NAME "pygobject"
#define PACKAGE_TARNAME "pygobject"
#define PACKAGE_VERSION "3.22.0"
#define PACKAGE_STRING "pygobject 3.22.0"
#define PACKAGE_BUGREPORT "http://bugzilla.gnome.org/enter_bug.cgi?product=pygobject"
#define PACKAGE_URL "https://wiki.gnome.org/Projects/PyGObject/"
#define PYGOBJECT_MAJOR_VERSION 3
#define PYGOBJECT_MINOR_VERSION 22
#define PYGOBJECT_MICRO_VERSION 0
#define PACKAGE "pygobject"
#define VERSION "3.22.0"
#define OS_EXT "so"
#define STDC_HEADERS 1
#define HAVE_SYS_TYPES_H 1
#define HAVE_SYS_STAT_H 1
#define HAVE_STDLIB_H 1
#define HAVE_STRING_H 1
#define HAVE_MEMORY_H 1
#define HAVE_STRINGS_H 1
#define HAVE_INTTYPES_H 1
#define HAVE_STDINT_H 1
#define HAVE_UNISTD_H 1
#define HAVE_DLFCN_H 1
#define LT_OBJDIR ".libs/"
#define HAVE_PYSIGNAL_SETWAKEUPFD 1

configure: exit 0
